build/app/intermediates/manifest_merge_blame_file/debug/manifest-merger-blame-debug-report.txt
1<?xml version="1.0" encoding="utf-8"?>
2<manifest xmlns:android="http://schemas.android.com/apk/res/android"
3    package="com.example.babycare"
4    android:versionCode="1"
5    android:versionName="1.0.0" >
6
7    <uses-sdk
8        android:minSdkVersion="19"
9        android:targetSdkVersion="31" />
10    <!--
11         Flutter needs it to communicate with the running application
12         to allow setting breakpoints, to provide hot reload, etc.
13    -->
14    <uses-permission android:name="android.permission.INTERNET" />
14-->src/main/AndroidManifest.xml:6:5-66
14-->src/main/AndroidManifest.xml:6:22-64
15    <uses-permission android:name="android.permission.ACCESS_NETWORK_STATE" />
15-->[com.google.firebase:firebase-auth:21.0.3] AndroidManifest.xml:24:5-79
15-->[com.google.firebase:firebase-auth:21.0.3] AndroidManifest.xml:24:22-76
16    <uses-permission android:name="android.permission.WAKE_LOCK" />
16-->[com.google.android.gms:play-services-measurement-api:20.1.2] AndroidManifest.xml:24:5-68
16-->[com.google.android.gms:play-services-measurement-api:20.1.2] AndroidManifest.xml:24:22-65
17    <uses-permission android:name="com.google.android.finsky.permission.BIND_GET_INSTALL_REFERRER_SERVICE" />
17-->[com.google.android.gms:play-services-measurement:20.1.2] AndroidManifest.xml:26:5-110
17-->[com.google.android.gms:play-services-measurement:20.1.2] AndroidManifest.xml:26:22-107
18
19    <application
20        android:name="android.app.Application"
21        android:appComponentFactory="androidx.core.app.CoreComponentFactory"
21-->[androidx.core:core:1.6.0] AndroidManifest.xml:24:18-86
22        android:debuggable="true"
23        android:icon="@mipmap/ic_launcher"
24        android:label="babycare"
25        android:supportsRtl="true" >
25-->[com.facebook.android:facebook-android-sdk:13.1.0] AndroidManifest.xml:28:18-44
26        <activity
27            android:name="com.example.babycare.MainActivity"
28            android:configChanges="orientation|keyboardHidden|keyboard|screenSize|smallestScreenSize|locale|layoutDirection|fontScale|screenLayout|density|uiMode"
29            android:exported="true"
30            android:hardwareAccelerated="true"
31            android:launchMode="singleTop"
32            android:theme="@style/LaunchTheme"
33            android:windowSoftInputMode="adjustResize" >
34
35            <!--
36                 Specifies an Android theme to apply to this Activity as soon as
37                 the Android process has started. This theme is visible to the user
38                 while the Flutter UI initializes. After that, this theme continues
39                 to determine the Window background behind the Flutter UI.
40            -->
41            <meta-data
42                android:name="io.flutter.embedding.android.NormalTheme"
43                android:resource="@style/NormalTheme" />
44
45            <intent-filter>
46                <action android:name="android.intent.action.MAIN" />
47
48                <category android:name="android.intent.category.LAUNCHER" />
49            </intent-filter>
50        </activity>
51        <!--
52             Don't delete the meta-data below.
53             This is used by the Flutter tool to generate GeneratedPluginRegistrant.java
54        -->
55        <meta-data
56            android:name="flutterEmbedding"
57            android:value="2" />
58
59        <!-- facebook configs -->
60        <meta-data
61            android:name="com.facebook.sdk.ApplicationId"
62            android:value="@string/facebook_app_id" />
63        <meta-data
64            android:name="com.facebook.sdk.ClientToken"
65            android:value="@string/facebook_client_token" />
66
67        <activity
68            android:name="com.facebook.FacebookActivity"
69            android:configChanges="keyboard|keyboardHidden|screenLayout|screenSize|orientation"
70            android:label="@string/app_name"
71            android:theme="@style/com_facebook_activity_theme" />
71-->[com.facebook.android:facebook-common:13.1.0] AndroidManifest.xml:33:13-63
72        <activity
73            android:name="com.facebook.CustomTabActivity"
74            android:exported="true" >
75            <intent-filter>
76                <action android:name="android.intent.action.VIEW" />
76-->[com.google.firebase:firebase-auth:21.0.3] AndroidManifest.xml:34:17-69
76-->[com.google.firebase:firebase-auth:21.0.3] AndroidManifest.xml:34:25-66
77
78                <category android:name="android.intent.category.DEFAULT" />
78-->[com.google.firebase:firebase-auth:21.0.3] AndroidManifest.xml:36:17-76
78-->[com.google.firebase:firebase-auth:21.0.3] AndroidManifest.xml:36:27-73
79                <category android:name="android.intent.category.BROWSABLE" />
79-->[com.google.firebase:firebase-auth:21.0.3] AndroidManifest.xml:37:17-78
79-->[com.google.firebase:firebase-auth:21.0.3] AndroidManifest.xml:37:27-75
80
81                <data android:scheme="@string/fb_login_protocol_scheme" />
81-->[com.google.firebase:firebase-auth:21.0.3] AndroidManifest.xml:39:17-42:51
81-->[com.google.firebase:firebase-auth:21.0.3] AndroidManifest.xml:42:21-48
82            </intent-filter>
83            <intent-filter>
83-->[com.facebook.android:facebook-common:13.1.0] AndroidManifest.xml:39:13-48:29
84                <action android:name="android.intent.action.VIEW" />
84-->[com.google.firebase:firebase-auth:21.0.3] AndroidManifest.xml:34:17-69
84-->[com.google.firebase:firebase-auth:21.0.3] AndroidManifest.xml:34:25-66
85
86                <category android:name="android.intent.category.DEFAULT" />
86-->[com.google.firebase:firebase-auth:21.0.3] AndroidManifest.xml:36:17-76
86-->[com.google.firebase:firebase-auth:21.0.3] AndroidManifest.xml:36:27-73
87                <category android:name="android.intent.category.BROWSABLE" />
87-->[com.google.firebase:firebase-auth:21.0.3] AndroidManifest.xml:37:17-78
87-->[com.google.firebase:firebase-auth:21.0.3] AndroidManifest.xml:37:27-75
88
89                <data
89-->[com.google.firebase:firebase-auth:21.0.3] AndroidManifest.xml:39:17-42:51
90                    android:host="cct.com.example.babycare"
90-->[com.google.firebase:firebase-auth:21.0.3] AndroidManifest.xml:40:21-49
91                    android:scheme="fbconnect" />
91-->[com.google.firebase:firebase-auth:21.0.3] AndroidManifest.xml:42:21-48
92            </intent-filter>
93        </activity>
94
95        <service
95-->[:firebase_auth] AndroidManifest.xml:8:9-12:19
96            android:name="com.google.firebase.components.ComponentDiscoveryService"
96-->[:firebase_auth] AndroidManifest.xml:8:18-89
97            android:directBootAware="true"
97-->[com.google.firebase:firebase-common:20.1.0] AndroidManifest.xml:35:13-43
98            android:exported="false" >
98-->[com.google.firebase:firebase-auth:21.0.3] AndroidManifest.xml:66:13-37
99            <meta-data
99-->[:firebase_auth] AndroidManifest.xml:9:13-11:85
100                android:name="com.google.firebase.components:io.flutter.plugins.firebase.auth.FlutterFirebaseAuthRegistrar"
100-->[:firebase_auth] AndroidManifest.xml:10:17-124
101                android:value="com.google.firebase.components.ComponentRegistrar" />
101-->[:firebase_auth] AndroidManifest.xml:11:17-82
102            <meta-data
102-->[:cloud_firestore] AndroidManifest.xml:9:13-11:85
103                android:name="com.google.firebase.components:io.flutter.plugins.firebase.firestore.FlutterFirebaseFirestoreRegistrar"
103-->[:cloud_firestore] AndroidManifest.xml:10:17-134
104                android:value="com.google.firebase.components.ComponentRegistrar" />
104-->[:cloud_firestore] AndroidManifest.xml:11:17-82
105            <meta-data
105-->[:firebase_core] AndroidManifest.xml:9:13-11:85
106                android:name="com.google.firebase.components:io.flutter.plugins.firebase.core.FlutterFirebaseCoreRegistrar"
106-->[:firebase_core] AndroidManifest.xml:10:17-124
107                android:value="com.google.firebase.components.ComponentRegistrar" />
107-->[:firebase_core] AndroidManifest.xml:11:17-82
108            <meta-data
108-->[com.google.firebase:firebase-auth:21.0.3] AndroidManifest.xml:67:13-69:85
109                android:name="com.google.firebase.components:com.google.firebase.auth.FirebaseAuthRegistrar"
109-->[com.google.firebase:firebase-auth:21.0.3] AndroidManifest.xml:68:17-109
110                android:value="com.google.firebase.components.ComponentRegistrar" />
110-->[com.google.firebase:firebase-auth:21.0.3] AndroidManifest.xml:69:17-82
111            <meta-data
111-->[com.google.firebase:firebase-firestore:24.1.0] AndroidManifest.xml:20:13-22:85
112                android:name="com.google.firebase.components:com.google.firebase.firestore.FirestoreRegistrar"
112-->[com.google.firebase:firebase-firestore:24.1.0] AndroidManifest.xml:21:17-111
113                android:value="com.google.firebase.components.ComponentRegistrar" />
113-->[com.google.firebase:firebase-firestore:24.1.0] AndroidManifest.xml:22:17-82
114            <meta-data
114-->[com.google.android.gms:play-services-measurement-api:20.1.2] AndroidManifest.xml:31:13-33:85
115                android:name="com.google.firebase.components:com.google.firebase.analytics.connector.internal.AnalyticsConnectorRegistrar"
115-->[com.google.android.gms:play-services-measurement-api:20.1.2] AndroidManifest.xml:32:17-139
116                android:value="com.google.firebase.components.ComponentRegistrar" />
116-->[com.google.android.gms:play-services-measurement-api:20.1.2] AndroidManifest.xml:33:17-82
117            <meta-data
117-->[com.google.firebase:firebase-installations:17.0.1] AndroidManifest.xml:18:13-20:85
118                android:name="com.google.firebase.components:com.google.firebase.installations.FirebaseInstallationsRegistrar"
118-->[com.google.firebase:firebase-installations:17.0.1] AndroidManifest.xml:19:17-127
119                android:value="com.google.firebase.components.ComponentRegistrar" />
119-->[com.google.firebase:firebase-installations:17.0.1] AndroidManifest.xml:20:17-82
120        </service>
121
122        <uses-library
122-->[androidx.window:window:1.0.0-beta04] AndroidManifest.xml:25:9-27:40
123            android:name="androidx.window.extensions"
123-->[androidx.window:window:1.0.0-beta04] AndroidManifest.xml:26:13-54
124            android:required="false" />
124-->[androidx.window:window:1.0.0-beta04] AndroidManifest.xml:27:13-37
125        <uses-library
125-->[androidx.window:window:1.0.0-beta04] AndroidManifest.xml:28:9-30:40
126            android:name="androidx.window.sidecar"
126-->[androidx.window:window:1.0.0-beta04] AndroidManifest.xml:29:13-51
127            android:required="false" />
127-->[androidx.window:window:1.0.0-beta04] AndroidManifest.xml:30:13-37
128
129        <activity
129-->[com.google.firebase:firebase-auth:21.0.3] AndroidManifest.xml:27:9-44:20
130            android:name="com.google.firebase.auth.internal.GenericIdpActivity"
130-->[com.google.firebase:firebase-auth:21.0.3] AndroidManifest.xml:28:13-80
131            android:excludeFromRecents="true"
131-->[com.google.firebase:firebase-auth:21.0.3] AndroidManifest.xml:29:13-46
132            android:exported="true"
132-->[com.google.firebase:firebase-auth:21.0.3] AndroidManifest.xml:30:13-36
133            android:launchMode="singleTask"
133-->[com.google.firebase:firebase-auth:21.0.3] AndroidManifest.xml:31:13-44
134            android:theme="@android:style/Theme.Translucent.NoTitleBar" >
134-->[com.google.firebase:firebase-auth:21.0.3] AndroidManifest.xml:32:13-72
135            <intent-filter>
135-->[com.google.firebase:firebase-auth:21.0.3] AndroidManifest.xml:33:13-43:29
136                <action android:name="android.intent.action.VIEW" />
136-->[com.google.firebase:firebase-auth:21.0.3] AndroidManifest.xml:34:17-69
136-->[com.google.firebase:firebase-auth:21.0.3] AndroidManifest.xml:34:25-66
137
138                <category android:name="android.intent.category.DEFAULT" />
138-->[com.google.firebase:firebase-auth:21.0.3] AndroidManifest.xml:36:17-76
138-->[com.google.firebase:firebase-auth:21.0.3] AndroidManifest.xml:36:27-73
139                <category android:name="android.intent.category.BROWSABLE" />
139-->[com.google.firebase:firebase-auth:21.0.3] AndroidManifest.xml:37:17-78
139-->[com.google.firebase:firebase-auth:21.0.3] AndroidManifest.xml:37:27-75
140
141                <data
141-->[com.google.firebase:firebase-auth:21.0.3] AndroidManifest.xml:39:17-42:51
142                    android:host="firebase.auth"
142-->[com.google.firebase:firebase-auth:21.0.3] AndroidManifest.xml:40:21-49
143                    android:path="/"
143-->[com.google.firebase:firebase-auth:21.0.3] AndroidManifest.xml:41:21-37
144                    android:scheme="genericidp" />
144-->[com.google.firebase:firebase-auth:21.0.3] AndroidManifest.xml:42:21-48
145            </intent-filter>
146        </activity>
147        <activity
147-->[com.google.firebase:firebase-auth:21.0.3] AndroidManifest.xml:45:9-62:20
148            android:name="com.google.firebase.auth.internal.RecaptchaActivity"
148-->[com.google.firebase:firebase-auth:21.0.3] AndroidManifest.xml:46:13-79
149            android:excludeFromRecents="true"
149-->[com.google.firebase:firebase-auth:21.0.3] AndroidManifest.xml:47:13-46
150            android:exported="true"
150-->[com.google.firebase:firebase-auth:21.0.3] AndroidManifest.xml:48:13-36
151            android:launchMode="singleTask"
151-->[com.google.firebase:firebase-auth:21.0.3] AndroidManifest.xml:49:13-44
152            android:theme="@android:style/Theme.Translucent.NoTitleBar" >
152-->[com.google.firebase:firebase-auth:21.0.3] AndroidManifest.xml:50:13-72
153            <intent-filter>
153-->[com.google.firebase:firebase-auth:21.0.3] AndroidManifest.xml:51:13-61:29
154                <action android:name="android.intent.action.VIEW" />
154-->[com.google.firebase:firebase-auth:21.0.3] AndroidManifest.xml:34:17-69
154-->[com.google.firebase:firebase-auth:21.0.3] AndroidManifest.xml:34:25-66
155
156                <category android:name="android.intent.category.DEFAULT" />
156-->[com.google.firebase:firebase-auth:21.0.3] AndroidManifest.xml:36:17-76
156-->[com.google.firebase:firebase-auth:21.0.3] AndroidManifest.xml:36:27-73
157                <category android:name="android.intent.category.BROWSABLE" />
157-->[com.google.firebase:firebase-auth:21.0.3] AndroidManifest.xml:37:17-78
157-->[com.google.firebase:firebase-auth:21.0.3] AndroidManifest.xml:37:27-75
158
159                <data
159-->[com.google.firebase:firebase-auth:21.0.3] AndroidManifest.xml:39:17-42:51
160                    android:host="firebase.auth"
160-->[com.google.firebase:firebase-auth:21.0.3] AndroidManifest.xml:40:21-49
161                    android:path="/"
161-->[com.google.firebase:firebase-auth:21.0.3] AndroidManifest.xml:41:21-37
162                    android:scheme="recaptcha" />
162-->[com.google.firebase:firebase-auth:21.0.3] AndroidManifest.xml:42:21-48
163            </intent-filter>
164        </activity>
165
166        <provider
166-->[com.google.firebase:firebase-common:20.1.0] AndroidManifest.xml:26:9-31:39
167            android:name="com.google.firebase.provider.FirebaseInitProvider"
167-->[com.google.firebase:firebase-common:20.1.0] AndroidManifest.xml:27:13-77
168            android:authorities="com.example.babycare.firebaseinitprovider"
168-->[com.google.firebase:firebase-common:20.1.0] AndroidManifest.xml:28:13-72
169            android:directBootAware="true"
169-->[com.google.firebase:firebase-common:20.1.0] AndroidManifest.xml:29:13-43
170            android:exported="false"
170-->[com.google.firebase:firebase-common:20.1.0] AndroidManifest.xml:30:13-37
171            android:initOrder="100" />
171-->[com.google.firebase:firebase-common:20.1.0] AndroidManifest.xml:31:13-36
172
173        <activity android:name="com.facebook.CustomTabMainActivity" />
173-->[com.facebook.android:facebook-common:13.1.0] AndroidManifest.xml:34:9-71
173-->[com.facebook.android:facebook-common:13.1.0] AndroidManifest.xml:34:19-68
174        <!--
175         The initialization ContentProvider will call FacebookSdk.sdkInitialize automatically
176         with the application context. This config is merged in with the host app's manifest,
177         but there can only be one provider with the same authority activated at any given
178         point; so if the end user has two or more different apps that use Facebook SDK, only the
179         first one will be able to use the provider. To work around this problem, we use the
180         following placeholder in the authority to identify each host application as if it was
181         a completely different provider.
182        -->
183        <provider
183-->[com.facebook.android:facebook-core:13.1.0] AndroidManifest.xml:41:9-44:40
184            android:name="com.facebook.internal.FacebookInitProvider"
184-->[com.facebook.android:facebook-core:13.1.0] AndroidManifest.xml:42:13-70
185            android:authorities="com.example.babycare.FacebookInitProvider"
185-->[com.facebook.android:facebook-core:13.1.0] AndroidManifest.xml:43:13-72
186            android:exported="false" />
186-->[com.facebook.android:facebook-core:13.1.0] AndroidManifest.xml:44:13-37
187
188        <receiver
188-->[com.facebook.android:facebook-core:13.1.0] AndroidManifest.xml:46:9-52:20
189            android:name="com.facebook.CurrentAccessTokenExpirationBroadcastReceiver"
189-->[com.facebook.android:facebook-core:13.1.0] AndroidManifest.xml:47:13-86
190            android:exported="false" >
190-->[com.facebook.android:facebook-core:13.1.0] AndroidManifest.xml:48:13-37
191            <intent-filter>
191-->[com.facebook.android:facebook-core:13.1.0] AndroidManifest.xml:49:13-51:29
192                <action android:name="com.facebook.sdk.ACTION_CURRENT_ACCESS_TOKEN_CHANGED" />
192-->[com.facebook.android:facebook-core:13.1.0] AndroidManifest.xml:50:17-95
192-->[com.facebook.android:facebook-core:13.1.0] AndroidManifest.xml:50:25-92
193            </intent-filter>
194        </receiver>
195        <receiver
195-->[com.facebook.android:facebook-core:13.1.0] AndroidManifest.xml:53:9-59:20
196            android:name="com.facebook.AuthenticationTokenManager$CurrentAuthenticationTokenChangedBroadcastReceiver"
196-->[com.facebook.android:facebook-core:13.1.0] AndroidManifest.xml:54:13-118
197            android:exported="false" >
197-->[com.facebook.android:facebook-core:13.1.0] AndroidManifest.xml:55:13-37
198            <intent-filter>
198-->[com.facebook.android:facebook-core:13.1.0] AndroidManifest.xml:56:13-58:29
199                <action android:name="com.facebook.sdk.ACTION_CURRENT_AUTHENTICATION_TOKEN_CHANGED" />
199-->[com.facebook.android:facebook-core:13.1.0] AndroidManifest.xml:57:17-103
199-->[com.facebook.android:facebook-core:13.1.0] AndroidManifest.xml:57:25-100
200            </intent-filter>
201        </receiver>
202
203        <activity
203-->[com.google.android.gms:play-services-auth:20.0.1] AndroidManifest.xml:23:9-27:75
204            android:name="com.google.android.gms.auth.api.signin.internal.SignInHubActivity"
204-->[com.google.android.gms:play-services-auth:20.0.1] AndroidManifest.xml:24:13-93
205            android:excludeFromRecents="true"
205-->[com.google.android.gms:play-services-auth:20.0.1] AndroidManifest.xml:25:13-46
206            android:exported="false"
206-->[com.google.android.gms:play-services-auth:20.0.1] AndroidManifest.xml:26:13-37
207            android:theme="@android:style/Theme.Translucent.NoTitleBar" />
207-->[com.google.android.gms:play-services-auth:20.0.1] AndroidManifest.xml:27:13-72
208        <!--
209            Service handling Google Sign-In user revocation. For apps that do not integrate with
210            Google Sign-In, this service will never be started.
211        -->
212        <service
212-->[com.google.android.gms:play-services-auth:20.0.1] AndroidManifest.xml:33:9-37:51
213            android:name="com.google.android.gms.auth.api.signin.RevocationBoundService"
213-->[com.google.android.gms:play-services-auth:20.0.1] AndroidManifest.xml:34:13-89
214            android:exported="true"
214-->[com.google.android.gms:play-services-auth:20.0.1] AndroidManifest.xml:35:13-36
215            android:permission="com.google.android.gms.auth.api.signin.permission.REVOCATION_NOTIFICATION"
215-->[com.google.android.gms:play-services-auth:20.0.1] AndroidManifest.xml:36:13-107
216            android:visibleToInstantApps="true" />
216-->[com.google.android.gms:play-services-auth:20.0.1] AndroidManifest.xml:37:13-48
217
218        <receiver
218-->[com.google.android.gms:play-services-measurement:20.1.2] AndroidManifest.xml:29:9-33:20
219            android:name="com.google.android.gms.measurement.AppMeasurementReceiver"
219-->[com.google.android.gms:play-services-measurement:20.1.2] AndroidManifest.xml:30:13-85
220            android:enabled="true"
220-->[com.google.android.gms:play-services-measurement:20.1.2] AndroidManifest.xml:31:13-35
221            android:exported="false" >
221-->[com.google.android.gms:play-services-measurement:20.1.2] AndroidManifest.xml:32:13-37
222        </receiver>
223
224        <service
224-->[com.google.android.gms:play-services-measurement:20.1.2] AndroidManifest.xml:35:9-38:40
225            android:name="com.google.android.gms.measurement.AppMeasurementService"
225-->[com.google.android.gms:play-services-measurement:20.1.2] AndroidManifest.xml:36:13-84
226            android:enabled="true"
226-->[com.google.android.gms:play-services-measurement:20.1.2] AndroidManifest.xml:37:13-35
227            android:exported="false" />
227-->[com.google.android.gms:play-services-measurement:20.1.2] AndroidManifest.xml:38:13-37
228        <service
228-->[com.google.android.gms:play-services-measurement:20.1.2] AndroidManifest.xml:39:9-43:72
229            android:name="com.google.android.gms.measurement.AppMeasurementJobService"
229-->[com.google.android.gms:play-services-measurement:20.1.2] AndroidManifest.xml:40:13-87
230            android:enabled="true"
230-->[com.google.android.gms:play-services-measurement:20.1.2] AndroidManifest.xml:41:13-35
231            android:exported="false"
231-->[com.google.android.gms:play-services-measurement:20.1.2] AndroidManifest.xml:42:13-37
232            android:permission="android.permission.BIND_JOB_SERVICE" />
232-->[com.google.android.gms:play-services-measurement:20.1.2] AndroidManifest.xml:43:13-69
233
234        <activity
234-->[com.google.android.gms:play-services-base:18.0.1] AndroidManifest.xml:20:9-22:45
235            android:name="com.google.android.gms.common.api.GoogleApiActivity"
235-->[com.google.android.gms:play-services-base:18.0.1] AndroidManifest.xml:20:19-85
236            android:exported="false"
236-->[com.google.android.gms:play-services-base:18.0.1] AndroidManifest.xml:22:19-43
237            android:theme="@android:style/Theme.Translucent.NoTitleBar" />
237-->[com.google.android.gms:play-services-base:18.0.1] AndroidManifest.xml:21:19-78
238
239        <meta-data
239-->[com.google.android.gms:play-services-basement:18.0.0] AndroidManifest.xml:21:9-23:69
240            android:name="com.google.android.gms.version"
240-->[com.google.android.gms:play-services-basement:18.0.0] AndroidManifest.xml:22:13-58
241            android:value="@integer/google_play_services_version" />
241-->[com.google.android.gms:play-services-basement:18.0.0] AndroidManifest.xml:23:13-66
242    </application>
243
244</manifest>